<?xml version="1.0" encoding="UTF-8"?>
<beans xmlns="http://www.springframework.org/schema/beans"
	xmlns:xsi="http://www.w3.org/2001/XMLSchema-instance" xmlns:p="http://www.springframework.org/schema/p"
	xmlns:context="http://www.springframework.org/schema/context"
	xmlns:mvc="http://www.springframework.org/schema/mvc"
	xmlns:util="http://www.springframework.org/schema/util"
	xsi:schemaLocation="http://www.springframework.org/schema/beans
	http://www.springframework.org/schema/beans/spring-beans-3.0.xsd
	http://www.springframework.org/schema/mvc
  	http://www.springframework.org/schema/mvc/spring-mvc-3.0.xsd
	http://www.springframework.org/schema/context
	http://www.springframework.org/schema/context/spring-context-3.0.xsd
	http://www.springframework.org/schema/util 
	http://www.springframework.org/schema/util/spring-util-3.0.xsd
	">
	
	<bean id="XMLConverter" class="co.yshmael.xml.castor.XMLConverter">
		<property name="marshaller" ref="castorMarshaller" />
		<property name="unmarshaller" ref="castorMarshaller" />
	</bean>
	<bean id="castorMarshaller" class="org.springframework.oxm.castor.CastorMarshaller" />
	
	<bean id="xstreamMarshaller" class="org.springframework.oxm.xstream.XStreamMarshaller">
    	<property name="aliases">
        	<props>
            	<prop key="person">co.yshmael.xml.Person</prop>
            	<prop key="phonenumber">co.yshmael.xml.PhoneNumber</prop>
            	<prop key="testResults">co.yshmael.xml.jmeter.TestResults</prop>
            	<prop key="sample">co.yshmael.xml.jmeter.Sample</prop>
        	</props>
    	</property>
    	<property name="autodetectAnnotations" value="true" />
    </bean>
</beans>